{
  "RSpec": {
    "coverage": {
      "/Users/alexandercampbell/Desktop/DevPoint/week5/cars/spec/models/car_spec.rb": [
        1,
        null,
        1,
        1,
        1,
        null,
        1,
        2,
        2,
        2,
        null,
        null,
        1,
        1,
        1,
        1,
        1,
        null,
        null,
        1,
        1,
        1,
        1,
        1,
        null,
        null,
        null,
        null,
        null,
        1,
        1,
        null,
        1,
        1,
        1,
        1,
        1,
        null,
        null,
        1,
        1,
        1,
        1,
        1,
        1,
        null,
        null,
        null,
        null,
        1,
        null,
        1,
        0,
        0,
        0,
        0,
        null,
        null,
        null,
        null,
        null,
        null,
        null,
        null,
        null,
        null,
        1,
        1,
        5,
        null,
        null,
        1,
        2,
        null,
        null,
        1,
        2,
        null,
        null,
        1,
        1,
        1,
        null,
        null,
        null,
        1,
        1,
        1,
        null,
        null,
        null,
        1,
        1,
        1,
        null,
        null,
        null,
        null,
        null,
        null,
        null,
        null,
        null
      ],
      "/Users/alexandercampbell/Desktop/DevPoint/week5/cars/spec/rails_helper.rb": [
        null,
        1,
        1,
        1,
        null,
        1,
        1,
        null,
        null,
        null,
        null,
        null,
        null,
        null,
        null,
        null,
        null,
        null,
        null,
        null,
        null,
        null,
        null,
        null,
        null,
        null,
        1,
        null,
        1,
        null,
        1,
        null,
        null,
        null,
        null,
        1,
        null,
        null,
        null,
        null,
        null,
        null,
        null,
        null,
        null,
        null,
        null,
        null,
        null,
        null,
        1,
        null,
        null,
        1,
        null,
        null,
        null
      ],
      "/Users/alexandercampbell/Desktop/DevPoint/week5/cars/config/environment.rb": [
        null,
        1,
        null,
        null,
        1
      ],
      "/Users/alexandercampbell/Desktop/DevPoint/week5/cars/config/application.rb": [
        1,
        null,
        1,
        null,
        1,
        1,
        1,
        1,
        1,
        1,
        1,
        1,
        null,
        null,
        null,
        null,
        1,
        null,
        1,
        1,
        null,
        1,
        null,
        null,
        null,
        null,
        null,
        null,
        1,
        null,
        null
      ],
      "/Users/alexandercampbell/Desktop/DevPoint/week5/cars/config/boot.rb": [
        1,
        null,
        1
      ],
      "/Users/alexandercampbell/Desktop/DevPoint/week5/cars/config/environments/test.rb": [
        1,
        null,
        null,
        null,
        null,
        null,
        null,
        1,
        null,
        null,
        null,
        null,
        1,
        null,
        null,
        1,
        1,
        null,
        null,
        null,
        null,
        1,
        1,
        null,
        null,
        1,
        null,
        null,
        1,
        1,
        null,
        null,
        null,
        null,
        1,
        null,
        null,
        1,
        null,
        null,
        null,
        null
      ],
      "/Users/alexandercampbell/Desktop/DevPoint/week5/cars/config/initializers/application_controller_renderer.rb": [
        null,
        null,
        null,
        null,
        null,
        null,
        null,
        null
      ],
      "/Users/alexandercampbell/Desktop/DevPoint/week5/cars/config/initializers/assets.rb": [
        null,
        null,
        null,
        1,
        null,
        null,
        null,
        null,
        1,
        null,
        null,
        null,
        null,
        null
      ],
      "/Users/alexandercampbell/Desktop/DevPoint/week5/cars/config/initializers/backtrace_silencers.rb": [
        null,
        null,
        null,
        null,
        null,
        null,
        null
      ],
      "/Users/alexandercampbell/Desktop/DevPoint/week5/cars/config/initializers/cookies_serializer.rb": [
        null,
        null,
        null,
        null,
        1
      ],
      "/Users/alexandercampbell/Desktop/DevPoint/week5/cars/config/initializers/filter_parameter_logging.rb": [
        null,
        null,
        null,
        1
      ],
      "/Users/alexandercampbell/Desktop/DevPoint/week5/cars/config/initializers/inflections.rb": [
        null,
        null,
        null,
        null,
        null,
        null,
        null,
        null,
        null,
        null,
        null,
        null,
        null,
        null,
        null,
        null
      ],
      "/Users/alexandercampbell/Desktop/DevPoint/week5/cars/config/initializers/mime_types.rb": [
        null,
        null,
        null,
        null
      ],
      "/Users/alexandercampbell/Desktop/DevPoint/week5/cars/config/initializers/wrap_parameters.rb": [
        null,
        null,
        null,
        null,
        null,
        null,
        1,
        2,
        null,
        null,
        null,
        null,
        null,
        null
      ],
      "/Users/alexandercampbell/Desktop/DevPoint/week5/cars/config/routes.rb": [
        1,
        null,
        null
      ],
      "/Users/alexandercampbell/Desktop/DevPoint/week5/cars/app/helpers/application_helper.rb": [
        1,
        null
      ],
      "/Users/alexandercampbell/Desktop/DevPoint/week5/cars/app/models/car.rb": [
        1,
        1,
        null,
        null,
        null,
        null,
        null,
        null,
        null,
        null,
        1,
        0,
        null,
        null,
        1,
        1,
        null,
        null,
        1,
        1,
        null,
        null,
        null,
        1,
        1,
        null,
        null,
        1,
        null,
        null,
        1,
        1,
        null,
        null,
        null,
        1,
        0,
        null,
        null,
        null,
        1,
        1,
        null,
        null,
        1,
        1,
        null,
        null,
        1,
        null,
        null,
        null,
        null
      ],
      "/Users/alexandercampbell/Desktop/DevPoint/week5/cars/app/models/application_record.rb": [
        1,
        1,
        null
      ]
    },
    "timestamp": 1505171499
  }
}
